<?xml version="1.0" encoding="UTF-8"?>
<!-- Generated by org.testng.reporters.JUnitReportReporter -->
<testsuite skipped="0" hostname="user-PC" name="com.ecomm.testcases.Loginpage_test" tests="6" failures="0" timestamp="2022-06-27T18:14:40 IST" time="13.638" errors="0">
  <testcase name="img" time="11.111" classname="com.ecomm.testcases.Loginpage_test"/>
  <system-out/>
  <testcase name="loginpage_title_test" time="0.123" classname="com.ecomm.testcases.Loginpage_test"/>
  <system-out/>
  <testcase name="verify_appimage" time="0.374" classname="com.ecomm.testcases.Loginpage_test"/>
  <system-out/>
  <testcase name="validate_placeholder_test" time="0.122" classname="com.ecomm.testcases.Loginpage_test"/>
  <system-out/>
  <testcase name="message_log" time="0.786" classname="com.ecomm.testcases.Loginpage_test"/>
  <system-out/>
  <testcase name="login_flow" time="1.122" classname="com.ecomm.testcases.Loginpage_test"/>
  <system-out/>
</testsuite> <!-- com.ecomm.testcases.Loginpage_test -->
