<?xml version="1.0" encoding="UTF-8"?>
<!-- Generated by org.testng.reporters.JUnitReportReporter -->
<testsuite skipped="0" hostname="user-PC" name="com.ecomm.testcases.Rough" tests="2" failures="0" timestamp="2022-06-25T01:16:02 IST" time="0.680" errors="0">
  <testcase name="validateplaceholder_loginpage" time="0.302" classname="com.ecomm.testcases.Rough"/>
  <system-out/>
  <testcase name="quit" time="0.378" classname="com.ecomm.testcases.Rough"/>
  <system-out/>
</testsuite> <!-- com.ecomm.testcases.Rough -->
