<?xml version="1.0" encoding="UTF-8"?>
<!-- Generated by org.testng.reporters.JUnitReportReporter -->
<testsuite skipped="0" hostname="user-PC" name="com.ecomm.base.TestBase" tests="1" failures="0" timestamp="2022-06-24T14:26:03 IST" time="0.032" errors="0">
  <testcase name="filemethod" time="0.032" classname="com.ecomm.base.TestBase"/>
  <system-out/>
</testsuite> <!-- com.ecomm.base.TestBase -->
